17-Dec-98 04:20:28 -----------------------------------------------------
17-Dec-98 04:20:28 Local login
17-Dec-98 04:20:33 User not located : Jeff Reeder
17-Dec-98 04:20:37 Creating new user.
17-Dec-98 04:21:40 Missed some questions, reentering...
17-Dec-98 04:22:14 New user created.
17-Dec-98 04:22:14 Calling from Winchester - Level 10
17-Dec-98 04:22:21 Files listed (ARCHIVER)
17-Dec-98 04:22:21 Can't open file list F:\PROBOARD\FILES\ARCHIVER\FILES.BBS
17-Dec-98 04:22:28 Files listed (ARCHIVER)
17-Dec-98 04:22:28 Can't open file list F:\PROBOARD\FILES\ARCHIVER\FILES.BBS
17-Dec-98 04:22:51 User logged off
17-Dec-98 04:22:53 -----------------------------------------------------
17-Dec-98 04:22:53 Local login
17-Dec-98 04:22:58 Illegal name: "Sysop"
17-Dec-98 04:23:03 User not located : Joe Sysop
17-Dec-98 04:23:08 Name misspelled (Joe Sysop).
17-Dec-98 04:23:09 User not located : Joe Sysop
17-Dec-98 04:23:15 Name misspelled (Joe Sysop).
17-Dec-98 04:23:16 User not located : Joe Sysop
17-Dec-98 04:23:17 Name misspelled (Joe Sysop).
17-Dec-98 04:23:18 User not located : Joe Sysop
17-Dec-98 04:23:18 Name misspelled (Joe Sysop).
17-Dec-98 04:23:18 User not located : Joe Sysop
17-Dec-98 04:23:18 Name misspelled (Joe Sysop).
17-Dec-98 04:23:19 User not located : Joe Sysop
17-Dec-98 04:23:19 Name misspelled (Joe Sysop).
17-Dec-98 04:23:20 User not located : Joe Sysop
17-Dec-98 04:23:20 Name misspelled (Joe Sysop).
17-Dec-98 04:23:21 User not located : Joe Sysop
17-Dec-98 04:23:22 Name misspelled (Joe Sysop).
17-Dec-98 04:23:23 User not located : Joe Sysop
17-Dec-98 04:23:24 Name misspelled (Joe Sysop).
17-Dec-98 04:23:26 Sysop hung up
17-Dec-98 04:25:59 -----------------------------------------------------
17-Dec-98 04:25:59 Local login
17-Dec-98 04:26:01 User not located : Joe Sysop
17-Dec-98 04:26:02 Name misspelled (Joe Sysop).
17-Dec-98 04:26:04 Illegal name: "Sysop"
17-Dec-98 04:26:06 User not located : Joe Sysop
17-Dec-98 04:26:10 Name misspelled (Joe Sysop).
17-Dec-98 04:26:11 Sysop hung up
17-Dec-98 04:26:46 -----------------------------------------------------
17-Dec-98 04:26:46 Local login
17-Dec-98 04:26:50 User not located : Joe Sysop
17-Dec-98 04:26:52 Creating new user.
17-Dec-98 04:27:31 New user created.
17-Dec-98 04:27:31 Calling from Winchester - Level 10
17-Dec-98 04:28:04 User logged off
17-Dec-98 04:28:06 -----------------------------------------------------
17-Dec-98 04:28:06 Local login
17-Dec-98 04:28:08 User logged in: Joe Sysop
17-Dec-98 04:28:08 Calling from Winchester - Level 10
17-Dec-98 04:28:16 Files listed (ARCHIVER)
17-Dec-98 04:28:16 Can't open file list F:\PROBOARD\FILES\ARCHIVER\FILES.BBS
17-Dec-98 04:28:20 User logged off
17-Dec-98 04:30:24 -----------------------------------------------------
17-Dec-98 04:30:24 Local login
17-Dec-98 04:30:24 User logged in: Joe Sysop
17-Dec-98 04:30:24 Calling from Winchester - Level 10
17-Dec-98 04:30:28 Files listed (ARCHIVER)
17-Dec-98 04:30:38 Can't open file list G:\PROBOARD\FILES\ARCHIVER
17-Dec-98 04:30:38 Sysop hung up
17-Dec-98 04:31:01 -----------------------------------------------------
17-Dec-98 04:31:01 Local login
17-Dec-98 04:31:01 User logged in: Joe Sysop
17-Dec-98 04:31:01 Calling from Winchester - Level 10
17-Dec-98 04:31:04 Files listed (ARCHIVER)
17-Dec-98 04:31:12 User logged off
17-Dec-98 04:36:18 -----------------------------------------------------
17-Dec-98 04:36:18 Local login
17-Dec-98 04:36:19 User logged in: Joe Sysop
17-Dec-98 04:36:19 Calling from Winchester - Level 10
17-Dec-98 04:36:36 Files listed (BBSUTIL)
17-Dec-98 04:36:57 User logged off
17-Dec-98 04:44:35 -----------------------------------------------------
17-Dec-98 04:44:35 Local login
17-Dec-98 04:44:37 User not located : Sysop
17-Dec-98 04:44:38 Creating new user.
17-Dec-98 04:45:23 New user created.
17-Dec-98 04:45:23 Calling from Winchester - Level 10
17-Dec-98 04:45:34 Sysop paged: Why not
17-Dec-98 04:45:49 User logged off
20-May-99 18:52:25 -----------------------------------------------------
20-May-99 18:52:25 Local login
20-May-99 18:52:29 User logged in: Sysop
20-May-99 18:52:29 Calling from Winchester - Level 10
20-May-99 18:52:43 Version info requested
20-May-99 18:52:56 User logged off
16-Jun-99 13:39:46 Fatal error: Error accessing file I:\PROBOARD\MSGBASE\MSGHDR.BBS
16-Jun-99 13:41:37 -----------------------------------------------------
16-Jun-99 13:41:37 Local login
16-Jun-99 13:41:45 User logged in: Jeff Reeder
16-Jun-99 13:41:45 Calling from Winchester - Level 10
16-Jun-99 13:41:56 User logged off
16-Jun-99 13:45:58 -----------------------------------------------------
16-Jun-99 13:45:58 Local login
16-Jun-99 13:46:01 User logged in: Jeff Reeder
16-Jun-99 13:46:01 Calling from Winchester - Level 10
16-Jun-99 13:46:04 User logged off
16-Jun-99 15:05:42 -----------------------------------------------------
16-Jun-99 15:05:42 Local login
16-Jun-99 15:05:59 User logged in: Jeff Reeder
16-Jun-99 15:05:59 Calling from Winchester - Level 10
16-Jun-99 15:06:08 Version info requested
16-Jun-99 15:06:29 User logged off
16-Jun-99 15:23:47 -----------------------------------------------------
16-Jun-99 15:23:47 Local login
16-Jun-99 15:23:53 -----------------------------------------------------
16-Jun-99 15:23:53 Local login
16-Jun-99 15:24:05 -----------------------------------------------------
16-Jun-99 15:24:05 Local login
16-Jun-99 15:25:28 -----------------------------------------------------
16-Jun-99 15:25:28 Local login
16-Jun-99 15:26:02 -----------------------------------------------------
16-Jun-99 15:26:02 Local login
16-Jun-99 15:26:07 -----------------------------------------------------
16-Jun-99 15:26:07 Local login
16-Jun-99 15:27:27 -----------------------------------------------------
16-Jun-99 15:27:27 Local login
16-Jun-99 15:27:42 User logged in: Jeff Reeder
16-Jun-99 15:27:42 Calling from Winchester - Level 10
16-Jun-99 15:27:45 Version info requested
16-Jun-99 15:27:50 User logged off
16-Jun-99 15:29:12 -----------------------------------------------------
16-Jun-99 15:29:12 Local login
16-Jun-99 15:31:46 -----------------------------------------------------
16-Jun-99 15:31:46 Local login
16-Jun-99 15:32:39 -----------------------------------------------------
16-Jun-99 15:32:39 Local login
16-Jun-99 15:34:23 -----------------------------------------------------
16-Jun-99 15:34:23 Local login
16-Jun-99 15:36:26 -----------------------------------------------------
16-Jun-99 15:36:26 Local login
16-Jun-99 15:37:46 -----------------------------------------------------
16-Jun-99 15:37:46 Local login
16-Jun-99 15:38:16 -----------------------------------------------------
16-Jun-99 15:38:16 Local login
16-Jun-99 15:39:21 -----------------------------------------------------
16-Jun-99 15:39:21 Local login
16-Jun-99 15:39:41 -----------------------------------------------------
16-Jun-99 15:39:41 Local login
16-Jun-99 15:40:09 -----------------------------------------------------
16-Jun-99 15:40:09 Local login
16-Jun-99 15:44:31 -----------------------------------------------------
16-Jun-99 15:44:31 Local login
16-Jun-99 15:45:40 -----------------------------------------------------
16-Jun-99 15:45:40 Local login
16-Jun-99 15:45:57 -----------------------------------------------------
16-Jun-99 15:45:57 Local login
16-Jun-99 15:47:22 -----------------------------------------------------
16-Jun-99 15:47:22 Local login
16-Jun-99 15:47:53 -----------------------------------------------------
16-Jun-99 15:47:53 Local login
16-Jun-99 15:48:34 -----------------------------------------------------
16-Jun-99 15:48:34 Local login
16-Jun-99 15:55:08 -----------------------------------------------------
16-Jun-99 15:55:08 Local login
16-Jun-99 15:55:36 -----------------------------------------------------
16-Jun-99 15:55:36 Local login
16-Jun-99 16:02:50 -----------------------------------------------------
16-Jun-99 16:02:50 Local login
16-Jun-99 16:02:55 User logged in: Jeff Reeder
16-Jun-99 16:02:55 Calling from Winchester - Level 10
16-Jun-99 16:02:57 Version info requested
16-Jun-99 16:03:04 User logged off
16-Jun-99 16:04:17 -----------------------------------------------------
16-Jun-99 16:04:17 Local login
16-Jun-99 16:04:30 User logged in: Jeff Reeder
16-Jun-99 16:04:30 Calling from Winchester - Level 10
16-Jun-99 16:04:33 User logged off
16-Jun-99 16:05:19 -----------------------------------------------------
16-Jun-99 16:05:19 Local login
16-Jun-99 16:05:31 User logged in: Jeff Reeder
16-Jun-99 16:05:31 Calling from Winchester - Level 10
16-Jun-99 16:05:35 User logged off
16-Jun-99 21:11:16 -----------------------------------------------------
16-Jun-99 21:11:16 Local login
16-Jun-99 21:11:19 User logged in: Jeff Reeder
16-Jun-99 21:11:19 Calling from Winchester - Level 10
16-Jun-99 21:11:26 Time statistics requested
16-Jun-99 21:11:37 User list requested. Search for ""
16-Jun-99 21:11:46 Unable to open BINLOG.PB
16-Jun-99 21:11:47 Unable to open BINLOG.PB
16-Jun-99 21:11:47 Unable to open BINLOG.PB
16-Jun-99 21:11:50 Version info requested
16-Jun-99 21:12:27 Files listed (ARCHIVER)
16-Jun-99 21:12:27 Can't open file list I:\PROBOARD\FILES\ARCHIVER\FILES.BBS
16-Jun-99 21:12:27 Files listed (ARCHIVER)
16-Jun-99 21:12:27 Can't open file list I:\PROBOARD\FILES\ARCHIVER\FILES.BBS
16-Jun-99 21:12:28 Files listed (ARCHIVER)
16-Jun-99 21:12:28 Can't open file list I:\PROBOARD\FILES\ARCHIVER\FILES.BBS
16-Jun-99 21:12:28 Files listed (ARCHIVER)
16-Jun-99 21:12:28 Can't open file list I:\PROBOARD\FILES\ARCHIVER\FILES.BBS
16-Jun-99 21:12:28 Files listed (ARCHIVER)
16-Jun-99 21:12:28 Can't open file list I:\PROBOARD\FILES\ARCHIVER\FILES.BBS
16-Jun-99 21:12:28 Files listed (ARCHIVER)
16-Jun-99 21:12:28 Can't open file list I:\PROBOARD\FILES\ARCHIVER\FILES.BBS
16-Jun-99 21:12:29 Files listed (ARCHIVER)
16-Jun-99 21:12:29 Can't open file list I:\PROBOARD\FILES\ARCHIVER\FILES.BBS
16-Jun-99 21:12:29 Files listed (ARCHIVER)
16-Jun-99 21:12:29 Can't open file list I:\PROBOARD\FILES\ARCHIVER\FILES.BBS
16-Jun-99 21:12:29 Files listed (ARCHIVER)
16-Jun-99 21:12:29 Can't open file list I:\PROBOARD\FILES\ARCHIVER\FILES.BBS
16-Jun-99 21:12:29 Files listed (ARCHIVER)
16-Jun-99 21:12:29 Can't open file list I:\PROBOARD\FILES\ARCHIVER\FILES.BBS
16-Jun-99 21:12:30 Files listed (ARCHIVER)
16-Jun-99 21:12:30 Can't open file list I:\PROBOARD\FILES\ARCHIVER\FILES.BBS
16-Jun-99 21:12:30 Files listed (ARCHIVER)
16-Jun-99 21:12:30 Can't open file list I:\PROBOARD\FILES\ARCHIVER\FILES.BBS
16-Jun-99 21:12:30 Files listed (ARCHIVER)
16-Jun-99 21:12:30 Can't open file list I:\PROBOARD\FILES\ARCHIVER\FILES.BBS
16-Jun-99 21:12:30 Files listed (ARCHIVER)
16-Jun-99 21:12:30 Can't open file list I:\PROBOARD\FILES\ARCHIVER\FILES.BBS
16-Jun-99 21:12:30 Files listed (ARCHIVER)
16-Jun-99 21:12:30 Can't open file list I:\PROBOARD\FILES\ARCHIVER\FILES.BBS
16-Jun-99 21:12:30 Files listed (ARCHIVER)
16-Jun-99 21:12:30 Can't open file list I:\PROBOARD\FILES\ARCHIVER\FILES.BBS
16-Jun-99 21:12:30 Files listed (ARCHIVER)
16-Jun-99 21:12:30 Can't open file list I:\PROBOARD\FILES\ARCHIVER\FILES.BBS
16-Jun-99 21:12:30 Files listed (ARCHIVER)
16-Jun-99 21:12:30 Can't open file list I:\PROBOARD\FILES\ARCHIVER\FILES.BBS
16-Jun-99 21:12:30 Files listed (ARCHIVER)
16-Jun-99 21:12:30 Can't open file list I:\PROBOARD\FILES\ARCHIVER\FILES.BBS
16-Jun-99 21:12:30 Files listed (ARCHIVER)
16-Jun-99 21:12:30 Can't open file list I:\PROBOARD\FILES\ARCHIVER\FILES.BBS
16-Jun-99 21:12:30 Files listed (ARCHIVER)
16-Jun-99 21:12:30 Can't open file list I:\PROBOARD\FILES\ARCHIVER\FILES.BBS
16-Jun-99 21:12:30 Files listed (ARCHIVER)
16-Jun-99 21:12:30 Can't open file list I:\PROBOARD\FILES\ARCHIVER\FILES.BBS
16-Jun-99 21:12:30 Files listed (ARCHIVER)
16-Jun-99 21:12:30 Can't open file list I:\PROBOARD\FILES\ARCHIVER\FILES.BBS
16-Jun-99 21:12:30 Files listed (ARCHIVER)
16-Jun-99 21:12:30 Can't open file list I:\PROBOARD\FILES\ARCHIVER\FILES.BBS
16-Jun-99 21:12:30 Files listed (ARCHIVER)
16-Jun-99 21:12:30 Can't open file list I:\PROBOARD\FILES\ARCHIVER\FILES.BBS
16-Jun-99 21:12:31 Files listed (ARCHIVER)
16-Jun-99 21:12:31 Can't open file list I:\PROBOARD\FILES\ARCHIVER\FILES.BBS
16-Jun-99 21:12:31 Files listed (ARCHIVER)
16-Jun-99 21:12:31 Can't open file list I:\PROBOARD\FILES\ARCHIVER\FILES.BBS
16-Jun-99 21:12:31 Files listed (ARCHIVER)
16-Jun-99 21:12:31 Can't open file list I:\PROBOARD\FILES\ARCHIVER\FILES.BBS
16-Jun-99 21:12:31 Files listed (ARCHIVER)
16-Jun-99 21:12:31 Can't open file list I:\PROBOARD\FILES\ARCHIVER\FILES.BBS
16-Jun-99 21:12:31 Files listed (ARCHIVER)
16-Jun-99 21:12:31 Can't open file list I:\PROBOARD\FILES\ARCHIVER\FILES.BBS
16-Jun-99 21:12:31 Files listed (ARCHIVER)
16-Jun-99 21:12:31 Can't open file list I:\PROBOARD\FILES\ARCHIVER\FILES.BBS
16-Jun-99 21:12:31 Files listed (ARCHIVER)
16-Jun-99 21:12:31 Can't open file list I:\PROBOARD\FILES\ARCHIVER\FILES.BBS
16-Jun-99 21:12:31 Files listed (ARCHIVER)
16-Jun-99 21:12:31 Can't open file list I:\PROBOARD\FILES\ARCHIVER\FILES.BBS
16-Jun-99 21:12:31 Files listed (ARCHIVER)
16-Jun-99 21:12:31 Can't open file list I:\PROBOARD\FILES\ARCHIVER\FILES.BBS
16-Jun-99 21:12:31 Files listed (ARCHIVER)
16-Jun-99 21:12:31 Can't open file list I:\PROBOARD\FILES\ARCHIVER\FILES.BBS
16-Jun-99 21:12:31 Files listed (ARCHIVER)
16-Jun-99 21:12:31 Can't open file list I:\PROBOARD\FILES\ARCHIVER\FILES.BBS
16-Jun-99 21:12:31 Files listed (ARCHIVER)
16-Jun-99 21:12:31 Can't open file list I:\PROBOARD\FILES\ARCHIVER\FILES.BBS
16-Jun-99 21:12:31 Files listed (ARCHIVER)
16-Jun-99 21:12:31 Can't open file list I:\PROBOARD\FILES\ARCHIVER\FILES.BBS
16-Jun-99 21:12:31 Files listed (ARCHIVER)
16-Jun-99 21:12:31 Can't open file list I:\PROBOARD\FILES\ARCHIVER\FILES.BBS
16-Jun-99 21:12:31 Files listed (ARCHIVER)
16-Jun-99 21:12:31 Can't open file list I:\PROBOARD\FILES\ARCHIVER\FILES.BBS
16-Jun-99 21:12:31 Files listed (ARCHIVER)
16-Jun-99 21:12:31 Can't open file list I:\PROBOARD\FILES\ARCHIVER\FILES.BBS
16-Jun-99 21:12:31 Files listed (ARCHIVER)
16-Jun-99 21:12:31 Can't open file list I:\PROBOARD\FILES\ARCHIVER\FILES.BBS
16-Jun-99 21:12:31 Files listed (ARCHIVER)
16-Jun-99 21:12:31 Can't open file list I:\PROBOARD\FILES\ARCHIVER\FILES.BBS
16-Jun-99 21:12:31 Files listed (ARCHIVER)
16-Jun-99 21:12:31 Can't open file list I:\PROBOARD\FILES\ARCHIVER\FILES.BBS
16-Jun-99 21:12:31 Files listed (ARCHIVER)
16-Jun-99 21:12:31 Can't open file list I:\PROBOARD\FILES\ARCHIVER\FILES.BBS
16-Jun-99 21:12:31 Files listed (ARCHIVER)
16-Jun-99 21:12:31 Can't open file list I:\PROBOARD\FILES\ARCHIVER\FILES.BBS
16-Jun-99 21:12:31 Files listed (ARCHIVER)
16-Jun-99 21:12:31 Can't open file list I:\PROBOARD\FILES\ARCHIVER\FILES.BBS
16-Jun-99 21:12:31 Files listed (ARCHIVER)
16-Jun-99 21:12:31 Can't open file list I:\PROBOARD\FILES\ARCHIVER\FILES.BBS
16-Jun-99 21:12:31 Files listed (ARCHIVER)
16-Jun-99 21:12:31 Can't open file list I:\PROBOARD\FILES\ARCHIVER\FILES.BBS
16-Jun-99 21:12:31 Files listed (ARCHIVER)
16-Jun-99 21:12:31 Can't open file list I:\PROBOARD\FILES\ARCHIVER\FILES.BBS
16-Jun-99 21:12:32 Files listed (ARCHIVER)
16-Jun-99 21:12:32 Can't open file list I:\PROBOARD\FILES\ARCHIVER\FILES.BBS
16-Jun-99 21:12:32 Files listed (ARCHIVER)
16-Jun-99 21:12:32 Can't open file list I:\PROBOARD\FILES\ARCHIVER\FILES.BBS
16-Jun-99 21:12:32 Files listed (ARCHIVER)
16-Jun-99 21:12:32 Can't open file list I:\PROBOARD\FILES\ARCHIVER\FILES.BBS
16-Jun-99 21:12:32 Files listed (ARCHIVER)
16-Jun-99 21:12:32 Can't open file list I:\PROBOARD\FILES\ARCHIVER\FILES.BBS
16-Jun-99 21:12:32 Files listed (ARCHIVER)
16-Jun-99 21:12:32 Can't open file list I:\PROBOARD\FILES\ARCHIVER\FILES.BBS
16-Jun-99 21:12:32 Files listed (ARCHIVER)
16-Jun-99 21:12:32 Can't open file list I:\PROBOARD\FILES\ARCHIVER\FILES.BBS
16-Jun-99 21:12:32 Files listed (ARCHIVER)
16-Jun-99 21:12:32 Can't open file list I:\PROBOARD\FILES\ARCHIVER\FILES.BBS
16-Jun-99 21:12:32 Files listed (ARCHIVER)
16-Jun-99 21:12:32 Can't open file list I:\PROBOARD\FILES\ARCHIVER\FILES.BBS
16-Jun-99 21:12:32 Files listed (ARCHIVER)
16-Jun-99 21:12:32 Can't open file list I:\PROBOARD\FILES\ARCHIVER\FILES.BBS
16-Jun-99 21:12:32 Files listed (ARCHIVER)
16-Jun-99 21:12:32 Can't open file list I:\PROBOARD\FILES\ARCHIVER\FILES.BBS
16-Jun-99 21:12:32 Files listed (ARCHIVER)
16-Jun-99 21:12:32 Can't open file list I:\PROBOARD\FILES\ARCHIVER\FILES.BBS
16-Jun-99 21:12:32 Files listed (ARCHIVER)
16-Jun-99 21:12:32 Can't open file list I:\PROBOARD\FILES\ARCHIVER\FILES.BBS
16-Jun-99 21:12:32 Files listed (ARCHIVER)
16-Jun-99 21:12:32 Can't open file list I:\PROBOARD\FILES\ARCHIVER\FILES.BBS
16-Jun-99 21:12:32 Files listed (ARCHIVER)
16-Jun-99 21:12:32 Can't open file list I:\PROBOARD\FILES\ARCHIVER\FILES.BBS
16-Jun-99 21:12:32 Files listed (ARCHIVER)
16-Jun-99 21:12:32 Can't open file list I:\PROBOARD\FILES\ARCHIVER\FILES.BBS
16-Jun-99 21:12:32 Files listed (ARCHIVER)
16-Jun-99 21:12:32 Can't open file list I:\PROBOARD\FILES\ARCHIVER\FILES.BBS
16-Jun-99 21:12:32 Files listed (ARCHIVER)
16-Jun-99 21:12:32 Can't open file list I:\PROBOARD\FILES\ARCHIVER\FILES.BBS
16-Jun-99 21:12:32 Files listed (ARCHIVER)
16-Jun-99 21:12:32 Can't open file list I:\PROBOARD\FILES\ARCHIVER\FILES.BBS
16-Jun-99 21:12:32 Files listed (ARCHIVER)
16-Jun-99 21:12:32 Can't open file list I:\PROBOARD\FILES\ARCHIVER\FILES.BBS
16-Jun-99 21:12:39 Files listed (ECHOTOSS)
16-Jun-99 21:12:39 Can't open file list I:\PROBOARD\FILES\ECHOTOSS\FILES.BBS
16-Jun-99 21:12:43 User logged off
16-Jun-99 21:15:23 -----------------------------------------------------
16-Jun-99 21:15:23 Local login
16-Jun-99 21:15:24 User logged in: Jeff Reeder
16-Jun-99 21:15:24 Calling from Winchester - Level 10
16-Jun-99 21:15:32 Files listed (DOORGAME)
16-Jun-99 21:16:06 User logged off
16-Jun-99 21:28:32 -----------------------------------------------------
16-Jun-99 21:28:32 Local login
16-Jun-99 21:28:34 User logged in: Jeff Reeder
16-Jun-99 21:28:34 Calling from Winchester - Level 10
16-Jun-99 21:28:46 User logged off
16-Jun-99 21:32:12 -----------------------------------------------------
16-Jun-99 21:32:12 Local login
16-Jun-99 21:32:14 User logged in: Jeff Reeder
16-Jun-99 21:32:14 Calling from Winchester - Level 10
16-Jun-99 21:32:44 User logged off
16-Jun-99 21:33:32 -----------------------------------------------------
16-Jun-99 21:33:32 Local login
16-Jun-99 21:33:33 User logged in: Jeff Reeder
16-Jun-99 21:33:33 Calling from Winchester - Level 10
16-Jun-99 21:33:54 User logged off
16-Jun-99 21:35:04 -----------------------------------------------------
16-Jun-99 21:35:04 Local login
16-Jun-99 21:35:06 User logged in: Jeff Reeder
16-Jun-99 21:35:06 Calling from Winchester - Level 10
16-Jun-99 21:35:42 User logged off
16-Jun-99 21:37:07 -----------------------------------------------------
16-Jun-99 21:37:07 Local login
16-Jun-99 21:37:09 User logged in: Jeff Reeder
16-Jun-99 21:37:09 Calling from Winchester - Level 10
16-Jun-99 21:37:28 User logged off
16-Jun-99 21:46:26 -----------------------------------------------------
16-Jun-99 21:46:26 Local login
16-Jun-99 21:46:28 User logged in: Jeff Reeder
16-Jun-99 21:46:28 Calling from Winchester - Level 10
16-Jun-99 21:46:57 User logged off
16-Jun-99 21:55:17 -----------------------------------------------------
16-Jun-99 21:55:17 Local login
16-Jun-99 21:55:21 User logged in: Jeff Reeder
16-Jun-99 21:55:21 Calling from Winchester - Level 10
16-Jun-99 21:57:30 -----------------------------------------------------
16-Jun-99 21:57:30 Local login
16-Jun-99 21:57:32 User logged in: Jeff Reeder
16-Jun-99 21:57:32 Calling from Winchester - Level 10
16-Jun-99 21:57:40 User logged off
16-Jun-99 22:03:20 -----------------------------------------------------
16-Jun-99 22:03:20 Local login
16-Jun-99 22:03:21 User logged in: Jeff Reeder
16-Jun-99 22:03:21 Calling from Winchester - Level 10
16-Jun-99 22:04:56 -----------------------------------------------------
16-Jun-99 22:04:56 Local login
16-Jun-99 22:04:58 User logged in: Jeff Reeder
16-Jun-99 22:04:58 Calling from Winchester - Level 10
16-Jun-99 22:06:11 -----------------------------------------------------
16-Jun-99 22:06:11 Local login
16-Jun-99 22:06:13 User logged in: Jeff Reeder
16-Jun-99 22:06:13 Calling from Winchester - Level 10
16-Jun-99 22:07:56 -----------------------------------------------------
16-Jun-99 22:07:56 Local login
16-Jun-99 22:07:58 User logged in: Jeff Reeder
16-Jun-99 22:07:58 Calling from Winchester - Level 10
16-Jun-99 22:08:09 User logged off
16-Jun-99 22:08:58 -----------------------------------------------------
16-Jun-99 22:08:58 Local login
16-Jun-99 22:08:59 User logged in: Jeff Reeder
16-Jun-99 22:08:59 Calling from Winchester - Level 10
16-Jun-99 22:09:10 User logged off
16-Jun-99 23:02:49 -----------------------------------------------------
16-Jun-99 23:02:49 Local login
16-Jun-99 23:02:53 User logged in: Sysop
16-Jun-99 23:02:53 Calling from Winchester - Level 10
16-Jun-99 23:02:58 User logged off
17-Jun-99 00:46:02 -----------------------------------------------------
17-Jun-99 00:46:02 Local login
17-Jun-99 00:46:05 Sysop hung up
17-Jun-99 01:31:10 -----------------------------------------------------
17-Jun-99 01:31:10 Local login
17-Jun-99 01:31:13 User logged in: Jeff Reeder
17-Jun-99 01:31:13 Calling from Winchester - Level 10
17-Jun-99 01:31:17 User logged off
17-Jun-99 02:02:08 -----------------------------------------------------
17-Jun-99 02:02:08 Local login
17-Jun-99 02:02:13 User not located : Covy
17-Jun-99 02:02:15 Creating new user.
17-Jun-99 02:03:29 New user created.
17-Jun-99 02:03:29 Calling from Winchester - Level 10
17-Jun-99 02:03:44 Version info requested
17-Jun-99 02:05:59 IBM graphics disabled
17-Jun-99 02:06:02 IBM graphics enabled
17-Jun-99 02:06:05 IBM graphics disabled
17-Jun-99 02:06:06 IBM graphics enabled
17-Jun-99 02:06:07 IBM graphics disabled
17-Jun-99 02:06:10 IBM graphics enabled
17-Jun-99 02:06:12 IBM graphics disabled
17-Jun-99 02:06:14 IBM graphics enabled
17-Jun-99 02:06:43 IBM graphics disabled
17-Jun-99 02:06:47 IBM graphics enabled
17-Jun-99 02:07:03 User logged off
17-Jun-99 04:06:24 -----------------------------------------------------
17-Jun-99 04:06:24 Local login
17-Jun-99 04:06:29 User not located : Blow
17-Jun-99 04:06:30 Creating new user.
17-Jun-99 04:08:52 New user created.
17-Jun-99 04:08:52 Calling from Winchester, VA - Level 10
17-Jun-99 04:09:07 Version info requested
17-Jun-99 04:09:38 Unable to open BINLOG.PB
17-Jun-99 04:09:41 Time statistics requested
17-Jun-99 04:09:49 Unable to open BINLOG.PB
17-Jun-99 04:09:51 User list requested. Search for ""
17-Jun-99 04:10:05 Sysop paged: blow me asshole
17-Jun-99 04:10:29 Unable to open BINLOG.PB
17-Jun-99 04:10:30 Unable to open BINLOG.PB
17-Jun-99 04:11:26 User logged off
17-Jun-99 04:11:31 -----------------------------------------------------
17-Jun-99 04:11:31 Local login
17-Jun-99 04:11:36 User logged in: Jeff Reeder
17-Jun-99 04:11:36 Calling from Winchester - Level 10
17-Jun-99 04:12:26 User logged off
09-Jul-99 02:04:24 -----------------------------------------------------
09-Jul-99 02:04:24 Local login
09-Jul-99 02:04:26 User logged in: Sysop
09-Jul-99 02:04:26 Calling from Winchester - Level 10
09-Jul-99 02:04:44 Sysop hung up
31-Jul-99 16:51:01 -----------------------------------------------------
31-Jul-99 16:51:01 Local login
31-Jul-99 16:51:08 User not located : New
31-Jul-99 16:51:11 Creating new user.
31-Jul-99 16:52:18 New user created.
31-Jul-99 16:52:18 Calling from Winchester - Level 10
31-Jul-99 16:52:36 Time statistics requested
31-Jul-99 16:52:43 Unable to open BINLOG.PB
31-Jul-99 16:52:44 Unable to open BINLOG.PB
31-Jul-99 16:53:01 Sysop hung up
31-Jul-99 16:53:06 -----------------------------------------------------
31-Jul-99 16:53:06 Local login
31-Jul-99 16:53:07 User logged in: Sysop
31-Jul-99 16:53:07 Calling from Winchester - Level 10
31-Jul-99 16:53:37 User list requested. Search for "NEW"
31-Jul-99 16:54:01 Sysop hung up
31-Jul-99 16:54:06 -----------------------------------------------------
31-Jul-99 16:54:06 Local login
31-Jul-99 16:54:08 User logged in: New
31-Jul-99 16:54:08 Calling from Winchester - Level 10
31-Jul-99 16:54:17 Sysop hung up
31-Jul-99 16:54:21 -----------------------------------------------------
31-Jul-99 16:54:21 Local login
31-Jul-99 16:54:23 User not located : Blah
31-Jul-99 16:54:25 Creating new user.
31-Jul-99 16:55:07 New user created.
31-Jul-99 16:55:07 Calling from Winchester - Level 10
31-Jul-99 16:55:22 Files listed (ARCHIVER)
31-Jul-99 16:56:07 Msg #1 entered (Area 1)
31-Jul-99 16:56:19 Message #1 read (area 1)
31-Jul-99 16:57:44 Sysop hung up
05-Aug-99 16:05:56 -----------------------------------------------------
05-Aug-99 16:05:56 Local login
05-Aug-99 16:06:00 User logged in: Blow
05-Aug-99 16:06:00 Calling from Winchester, VA - Level 10
05-Aug-99 16:06:04 Sysop hung up
05-Aug-99 16:06:08 -----------------------------------------------------
05-Aug-99 16:06:08 Local login
05-Aug-99 16:06:11 User not located : Hooya
05-Aug-99 16:06:13 Creating new user.
05-Aug-99 16:06:56 Sysop hung up
05-Aug-99 16:14:51 -----------------------------------------------------
05-Aug-99 16:14:51 Local login
05-Aug-99 16:14:54 User not located : Hooya
05-Aug-99 16:14:55 Creating new user.
05-Aug-99 16:15:19 Sysop hung up
05-Aug-99 16:17:44 -----------------------------------------------------
05-Aug-99 16:17:44 Local login
05-Aug-99 16:17:47 User not located : Hooya
05-Aug-99 16:17:48 Creating new user.
05-Aug-99 16:18:16 Sysop hung up
05-Aug-99 16:20:25 -----------------------------------------------------
05-Aug-99 16:20:25 Local login
05-Aug-99 16:20:28 User not located : Howdy
05-Aug-99 16:20:29 Creating new user.
05-Aug-99 16:21:01 Sysop hung up
05-Aug-99 16:27:05 -----------------------------------------------------
05-Aug-99 16:27:05 Local login
05-Aug-99 16:27:08 User not located : Howdy
05-Aug-99 16:27:09 Creating new user.
05-Aug-99 16:27:38 Sysop hung up
05-Aug-99 16:30:40 -----------------------------------------------------
05-Aug-99 16:30:40 Local login
05-Aug-99 16:30:41 User not located : Howdy
05-Aug-99 16:30:42 Creating new user.
05-Aug-99 16:31:08 Sysop hung up
05-Aug-99 16:54:38 -----------------------------------------------------
05-Aug-99 16:54:38 Local login
05-Aug-99 16:54:40 User not located : Howdy
05-Aug-99 16:54:41 Creating new user.
05-Aug-99 16:55:05 Sysop hung up
05-Aug-99 16:56:53 -----------------------------------------------------
05-Aug-99 16:56:53 Local login
05-Aug-99 16:56:54 User not located : Howdy
05-Aug-99 16:56:55 Creating new user.
05-Aug-99 16:57:22 Sysop hung up
05-Aug-99 16:58:29 -----------------------------------------------------
05-Aug-99 16:58:29 Local login
05-Aug-99 16:58:30 User not located : Howdy
05-Aug-99 16:58:31 Creating new user.
05-Aug-99 16:58:50 Sysop hung up
05-Aug-99 17:00:46 -----------------------------------------------------
05-Aug-99 17:00:46 Local login
05-Aug-99 17:00:48 User not located : Howdy
05-Aug-99 17:00:49 Creating new user.
05-Aug-99 17:01:12 Sysop hung up
05-Aug-99 17:02:12 -----------------------------------------------------
05-Aug-99 17:02:12 Local login
05-Aug-99 17:02:13 User not located : Howdy
05-Aug-99 17:02:14 Creating new user.
05-Aug-99 17:02:37 Sysop hung up
05-Aug-99 17:03:20 -----------------------------------------------------
05-Aug-99 17:03:20 Local login
05-Aug-99 17:03:22 User not located : Howdy
05-Aug-99 17:03:23 Creating new user.
05-Aug-99 17:03:38 Sysop hung up
05-Aug-99 17:08:52 -----------------------------------------------------
05-Aug-99 17:08:52 Local login
05-Aug-99 17:08:54 User logged in: Sysop
05-Aug-99 17:08:54 Calling from Winchester - Level 10
05-Aug-99 17:09:08 Sysop hung up
05-Aug-99 17:09:12 -----------------------------------------------------
05-Aug-99 17:09:12 Local login
05-Aug-99 17:09:14 User logged in: Blah
05-Aug-99 17:09:14 Calling from Winchester - Level 10
05-Aug-99 17:09:19 Sysop hung up
05-Aug-99 21:17:34 -----------------------------------------------------
05-Aug-99 21:17:34 Local login
05-Aug-99 21:17:36 User logged in: Sysop
05-Aug-99 21:17:36 Calling from Winchester - Level 10
05-Aug-99 21:18:03 Time statistics requested
05-Aug-99 21:18:07 Version info requested
05-Aug-99 21:18:12 Unable to open BINLOG.PB
05-Aug-99 21:18:23 Unable to open BINLOG.PB
05-Aug-99 21:18:24 Unable to open BINLOG.PB
05-Aug-99 21:18:28 User list requested. Search for ""
05-Aug-99 21:18:36 Sysop paged: asdfasdf
05-Aug-99 21:18:50 User logged off
05-Aug-99 21:24:28 -----------------------------------------------------
05-Aug-99 21:24:28 Local login
05-Aug-99 21:24:30 User logged in: Sysop
05-Aug-99 21:24:30 Calling from Winchester - Level 10
05-Aug-99 21:24:34 Sysop hung up
05-Aug-99 22:08:44 -----------------------------------------------------
05-Aug-99 22:08:44 Local login
05-Aug-99 22:08:46 User logged in: Sysop
05-Aug-99 22:08:46 Calling from Winchester - Level 10
05-Aug-99 22:08:53 Sysop hung up
05-Aug-99 22:09:12 -----------------------------------------------------
05-Aug-99 22:09:12 Local login
05-Aug-99 22:09:13 User logged in: Sysop
05-Aug-99 22:09:13 Calling from Winchester - Level 10
05-Aug-99 22:09:19 User logged off
05-Aug-99 22:11:12 -----------------------------------------------------
05-Aug-99 22:11:12 Local login
05-Aug-99 22:11:13 User logged in: Sysop
05-Aug-99 22:11:13 Calling from Winchester - Level 10
05-Aug-99 22:11:34 Sysop hung up
05-Aug-99 22:14:35 -----------------------------------------------------
05-Aug-99 22:14:35 Local login
05-Aug-99 22:14:36 User logged in: Sysop
05-Aug-99 22:14:36 Calling from Winchester - Level 10
05-Aug-99 22:14:52 Sysop hung up
05-Aug-99 22:16:00 -----------------------------------------------------
05-Aug-99 22:16:00 Local login
05-Aug-99 22:16:02 User logged in: Sysop
05-Aug-99 22:16:02 Calling from Winchester - Level 10
05-Aug-99 22:16:17 Sysop hung up
05-Aug-99 22:17:27 -----------------------------------------------------
05-Aug-99 22:17:27 Local login
05-Aug-99 22:17:29 User logged in: Sysop
05-Aug-99 22:17:29 Calling from Winchester - Level 10
05-Aug-99 22:17:38 Sysop hung up
05-Aug-99 22:18:13 -----------------------------------------------------
05-Aug-99 22:18:13 Local login
05-Aug-99 22:18:14 User logged in: Sysop
05-Aug-99 22:18:14 Calling from Winchester - Level 10
05-Aug-99 22:18:22 Sysop hung up
05-Aug-99 22:19:50 -----------------------------------------------------
05-Aug-99 22:19:50 Local login
05-Aug-99 22:19:51 User logged in: Sysop
05-Aug-99 22:19:51 Calling from Winchester - Level 10
05-Aug-99 22:20:02 Sysop hung up
05-Aug-99 22:20:43 -----------------------------------------------------
05-Aug-99 22:20:43 Local login
05-Aug-99 22:20:45 User logged in: Sysop
05-Aug-99 22:20:45 Calling from Winchester - Level 10
05-Aug-99 22:20:52 Sysop hung up
05-Aug-99 22:23:58 -----------------------------------------------------
05-Aug-99 22:23:58 Local login
05-Aug-99 22:23:59 User logged in: Sysop
05-Aug-99 22:23:59 Calling from Winchester - Level 10
05-Aug-99 22:24:44 Sysop hung up
05-Aug-99 22:36:54 -----------------------------------------------------
05-Aug-99 22:36:54 Local login
05-Aug-99 22:36:56 User logged in: Sysop
05-Aug-99 22:36:56 Calling from Winchester - Level 10
05-Aug-99 22:37:01 Sysop hung up
05-Aug-99 22:37:06 -----------------------------------------------------
05-Aug-99 22:37:06 Local login
05-Aug-99 22:37:09 Sysop hung up
05-Aug-99 22:39:52 -----------------------------------------------------
05-Aug-99 22:39:52 Local login
05-Aug-99 22:39:53 Sysop hung up
05-Aug-99 22:40:34 -----------------------------------------------------
05-Aug-99 22:40:34 Local login
05-Aug-99 22:40:50 User logged in: Sysop
05-Aug-99 22:40:50 Calling from Winchester - Level 10
05-Aug-99 22:41:18 Sysop hung up
05-Aug-99 22:43:33 -----------------------------------------------------
05-Aug-99 22:43:33 Local login
05-Aug-99 22:43:35 User logged in: Sysop
05-Aug-99 22:43:35 Calling from Winchester - Level 10
05-Aug-99 22:45:10 Sysop breaks in for chat
05-Aug-99 22:45:11 Sysop breaks in for chat
05-Aug-99 22:45:12 End of chat
05-Aug-99 22:45:49 Sysop hung up
06-Aug-99 06:32:27 -----------------------------------------------------
06-Aug-99 06:32:27 Local login
06-Aug-99 06:32:29 User logged in: Sysop
06-Aug-99 06:32:29 Calling from Winchester - Level 10
06-Aug-99 06:33:13 User logged off
09-Aug-99 07:14:04 -----------------------------------------------------
09-Aug-99 07:14:04 Local login
09-Aug-99 07:14:09 User logged in: Sysop
09-Aug-99 07:14:09 Calling from Winchester - Level 10
09-Aug-99 07:14:13 Version info requested
09-Aug-99 07:17:39 -----------------------------------------------------
09-Aug-99 07:17:39 Local login
09-Aug-99 07:17:42 User logged in: Sysop
09-Aug-99 07:17:42 Calling from Winchester - Level 10
09-Aug-99 07:17:45 Version info requested
09-Aug-99 07:18:14 Sysop hung up
09-Aug-99 07:24:38 -----------------------------------------------------
09-Aug-99 07:24:38 Local login
09-Aug-99 07:24:44 Sysop hung up
09-Aug-99 07:49:25 Fatal error: Unregistered versions cannot start more than two nodes
09-Aug-99 07:50:39 Fatal error: Unregistered versions cannot start more than two nodes
09-Aug-99 07:51:43 Fatal error: Unregistered versions cannot start more than two nodes
09-Aug-99 07:56:46 -----------------------------------------------------
09-Aug-99 07:56:46 Local login
09-Aug-99 07:56:47 User logged in: Sysop
09-Aug-99 07:56:47 Calling from Winchester - Level 10
09-Aug-99 07:56:54 User list requested. Search for ""
09-Aug-99 07:57:02 Sysop hung up
09-Aug-99 08:00:08 -----------------------------------------------------
09-Aug-99 08:00:08 Local login
09-Aug-99 08:00:13 User not located : Who Am I
09-Aug-99 08:00:15 Creating new user.
09-Aug-99 08:00:18 Sysop hung up
09-Aug-99 08:00:39 -----------------------------------------------------
09-Aug-99 08:00:39 Local login
09-Aug-99 08:00:41 User not located : Who Am I
09-Aug-99 08:00:49 Sysop hung up
09-Aug-99 08:12:13 -----------------------------------------------------
09-Aug-99 08:12:13 Local login
09-Aug-99 08:12:16 User not located : Who Am I
09-Aug-99 08:12:26 Sysop hung up
09-Aug-99 08:44:31 -----------------------------------------------------
09-Aug-99 08:44:31 Local login
09-Aug-99 08:44:37 User logged in: Sysop
09-Aug-99 08:44:37 Calling from Winchester - Level 10
09-Aug-99 08:44:39 Version info requested
09-Aug-99 08:44:41 Sysop hung up
09-Aug-99 08:46:09 -----------------------------------------------------
09-Aug-99 08:46:09 Local login
09-Aug-99 08:46:11 User logged in: Sysop
09-Aug-99 08:46:11 Calling from Winchester - Level 10
09-Aug-99 08:46:16 Version info requested
09-Aug-99 08:46:26 Sysop hung up
09-Aug-99 08:47:28 -----------------------------------------------------
09-Aug-99 08:47:28 Local login
09-Aug-99 08:47:30 User logged in: Sysop
09-Aug-99 08:47:30 Calling from Winchester - Level 10
09-Aug-99 08:47:32 Version info requested
09-Aug-99 08:47:47 Sysop hung up
09-Aug-99 08:55:44 -----------------------------------------------------
09-Aug-99 08:55:44 Local login
09-Aug-99 08:55:46 User logged in: Sysop
09-Aug-99 08:55:46 Calling from Winchester - Level 10
09-Aug-99 08:55:49 Version info requested
09-Aug-99 08:55:57 Sysop hung up
09-Aug-99 08:56:39 -----------------------------------------------------
09-Aug-99 08:56:39 Local login
09-Aug-99 08:56:40 User logged in: Sysop
09-Aug-99 08:56:40 Calling from Winchester - Level 10
09-Aug-99 08:56:42 Version info requested
09-Aug-99 08:56:52 Sysop hung up
09-Aug-99 08:58:31 -----------------------------------------------------
09-Aug-99 08:58:31 Local login
09-Aug-99 08:58:33 User logged in: Sysop
09-Aug-99 08:58:33 Calling from Winchester - Level 10
09-Aug-99 08:58:35 Version info requested
09-Aug-99 09:00:41 Sysop hung up
10-Dec-99 02:24:47 Fatal error: Error accessing file J:\PROBOARD\MSGBASE\MSGHDR.BBS
10-Dec-99 02:25:00 Fatal error: Error accessing file J:\PROBOARD\MSGBASE\MSGHDR.BBS
10-Dec-99 02:35:39 Fatal error: Error accessing file J:\PROBOARD\MSGBASE\MSGHDR.BBS
10-Dec-99 02:37:00 Fatal error: Error accessing file J:\PROBOARD\MSGBASE\MSGHDR.BBS
01-Mar-00 04:46:59 -----------------------------------------------------
01-Mar-00 04:46:59 Local login
01-Mar-00 04:47:04 User logged in: Sysop
01-Mar-00 04:47:04 Calling from Winchester - Level 10
01-Mar-00 04:47:14 User logged off
